META-INF/
META-INF/MANIFEST.MF
handeval/
handeval/tables/
handeval/tables/PrimeLookupTable.class
handeval/tables/FlushLookupTable.class
handeval/tables/HandRankEvaluator.class
handeval/tables/UniqueLookupTable.class
handeval/tables/RanksLookupTable.class
handeval/PloHandEvaluator.class
handeval/HandRankHelper.class
handeval/FiveCardEvaluator.class
gnu/
gnu/trove/
gnu/trove/TCharCollection.class
gnu/trove/TLongCollection.class
gnu/trove/TFloatCollection.class
gnu/trove/set/
gnu/trove/set/TDoubleSet.class
gnu/trove/set/TLongSet.class
